# This is a doctest for module <3-say_my_name.py>

>>> say_my_name = __import__('3-say_my_name').say_my_name
>>> say_my_name("Andrew", "Ndirangu")
My name is Andrew Ndirangu
>>> say_my_name("Andrew")
My name is Andrew 
>>> say_my_name("Andrew", 12)
Traceback (most recent call last):
  File "<stdin>", line 1, in <module>
  File "/root/alx-higher_level_programming/0x07-python-test_driven_development/3-say_my_name.py", line 25, in say_my_name
    raise TypeError("last_name must be a string")
TypeError: last_name must be a string
>>> say_my_name(12, "Ndirangu")
Traceback (most recent call last):
  File "<stdin>", line 1, in <module>
  File "/root/alx-higher_level_programming/0x07-python-test_driven_development/3-say_my_name.py", line 23, in say_my_name
    raise TypeError("first_name must be a string")
TypeError: first_name must be a string
>>> say_my_name()
Traceback (most recent call last):
  File "<stdin>", line 1, in <module>
TypeError: say_my_name() missing 1 required positional argument: 'first_name'
>>> say_my_name(12, "Andrew", "Ndirangu")
Traceback (most recent call last):
  File "<stdin>", line 1, in <module>
TypeError: say_my_name() takes from 1 to 2 positional arguments but 3 were given
